\BOOKMARK [1][-]{section.1}{Introduction}{}% 1
\BOOKMARK [1][-]{section.2}{Background}{}% 2
\BOOKMARK [1][-]{section.3}{Preliminaries}{}% 3
\BOOKMARK [2][-]{subsection.3.1}{Notations}{section.3}% 4
\BOOKMARK [2][-]{subsection.3.2}{Informal Threat Model and Assumptions}{section.3}% 5
\BOOKMARK [2][-]{subsection.3.3}{Digital Signature}{section.3}% 6
\BOOKMARK [2][-]{subsection.3.4}{Smart Contract}{section.3}% 7
\BOOKMARK [2][-]{subsection.3.5}{Commitment Scheme}{section.3}% 8
\BOOKMARK [2][-]{subsection.3.6}{Statement Agreement Protocol}{section.3}% 9
\BOOKMARK [2][-]{subsection.3.7}{Pseudorandom Function}{section.3}% 10
\BOOKMARK [2][-]{subsection.3.8}{Bloom Filter}{section.3}% 11
\BOOKMARK [1][-]{section.4}{Challenges to Overcome}{}% 12
\BOOKMARK [2][-]{subsection.4.1}{Challenge 1: Lack of Transparent Logs}{section.4}% 13
\BOOKMARK [2][-]{subsection.4.2}{Challenge 2: Lack of Effective Warning's Accurate Definition in Banking}{section.4}% 14
\BOOKMARK [2][-]{subsection.4.3}{Challenge 3: Linking Off-chain Payments with a Smart Contract}{section.4}% 15
\BOOKMARK [2][-]{subsection.4.4}{Challenge 4: Preserving Privacy}{section.4}% 16
\BOOKMARK [1][-]{section.5}{ Definition of Payment with Dispute Resolution Scheme}{}% 17
\BOOKMARK [1][-]{section.6}{Payment with Dispute Resolution Protocol}{}% 18
\BOOKMARK [2][-]{subsection.6.1}{An Overview of the Protocol}{section.6}% 19
\BOOKMARK [2][-]{subsection.6.2}{A Subroutine for Determining Bank's Message Status}{section.6}% 20
\BOOKMARK [2][-]{subsection.6.3}{A Subroutine for Checking a Warning's Effectiveness}{section.6}% 21
\BOOKMARK [2][-]{subsection.6.4}{Subroutines for Encoding-Decoding Verdicts}{section.6}% 22
\BOOKMARK [3][-]{subsubsection.6.4.1}{Variant 1: Efficient Verdict Encoding-Decoding Protocol}{subsection.6.4}% 23
\BOOKMARK [3][-]{subsubsection.6.4.2}{Variant 2: Generic Verdict Encoding-Decoding Protocol}{subsection.6.4}% 24
\BOOKMARK [2][-]{subsection.6.5}{The PwDR Protocol}{section.6}% 25
\BOOKMARK [1][-]{section.7}{Evaluation}{}% 26
\BOOKMARK [2][-]{subsection.7.1}{Computation Complexity}{section.7}% 27
\BOOKMARK [2][-]{subsection.7.2}{Communication Cost}{section.7}% 28
\BOOKMARK [2][-]{subsection.7.3}{Concrete Performance Analysis}{section.7}% 29
\BOOKMARK [2][-]{subsection.7.4}{Transaction Latency}{section.7}% 30
\BOOKMARK [1][-]{section.8}{Future Research}{}% 31
\BOOKMARK [2][-]{subsection.8.1}{Improving Warnings' Effectiveness}{section.8}% 32
\BOOKMARK [2][-]{subsection.8.2}{Protecting APP Fraud Victims of Alternative Payment Platforms}{section.8}% 33
\BOOKMARK [2][-]{subsection.8.3}{Studying Users' Compliance with the CRM Code's Guidelines}{section.8}% 34
\BOOKMARK [2][-]{subsection.8.4}{Security Against Exploitative Victims}{section.8}% 35
\BOOKMARK [1][-]{section.9}{Related Work}{}% 36
\BOOKMARK [2][-]{subsection.9.1}{Authorised Push Payment Fraud}{section.9}% 37
\BOOKMARK [2][-]{subsection.9.2}{Dispute Resolution}{section.9}% 38
\BOOKMARK [1][-]{section.10}{Conclusion}{}% 39
\BOOKMARK [1][-]{section*.9}{References}{}% 40
\BOOKMARK [1][-]{section*.10}{ A: Commitment Scheme}{}% 41
\BOOKMARK [1][-]{section*.11}{ B: Bloom Filter}{}% 42
\BOOKMARK [1][-]{section*.12}{ C: Full Version of Definition of Payment with Dispute Resolution Scheme}{}% 43
\BOOKMARK [1][-]{section*.13}{ D: Further Discussion on Variant 1 Encoding-Decoding Protocol}{}% 44
\BOOKMARK [1][-]{section*.14}{ E: Generic Verdict Encoding-Decoding Protocol}{}% 45
\BOOKMARK [1][-]{section*.17}{ F: Variant 2 Encoding-Decoding Protocol's Main Theorem and Proof}{}% 46
\BOOKMARK [1][-]{section*.18}{ G: Further Discussion on the Verdict Encoding-decoding Protocols}{}% 47
\BOOKMARK [1][-]{section*.19}{ H: Security Analysis of the PwDR Protocol}{}% 48
