\BOOKMARK [1][-]{section*.1}{\376\377\000A\000b\000s\000t\000r\000a\000c\000t}{}% 1
\BOOKMARK [1][-]{section.1}{\376\377\0001\000\040\000I\000n\000t\000r\000o\000d\000u\000c\000t\000i\000o\000n}{}% 2
\BOOKMARK [1][-]{section.2}{\376\377\0002\000\040\000B\000a\000c\000k\000g\000r\000o\000u\000n\000d}{}% 3
\BOOKMARK [1][-]{section.3}{\376\377\0003\000\040\000P\000r\000e\000l\000i\000m\000i\000n\000a\000r\000i\000e\000s}{}% 4
\BOOKMARK [2][-]{subsection.3.1}{\376\377\0003\000.\0001\000\040\000N\000o\000t\000a\000t\000i\000o\000n\000s}{section.3}% 5
\BOOKMARK [2][-]{subsection.3.2}{\376\377\0003\000.\0002\000\040\000I\000n\000f\000o\000r\000m\000a\000l\000\040\000T\000h\000r\000e\000a\000t\000\040\000M\000o\000d\000e\000l\000\040\000a\000n\000d\000\040\000A\000s\000s\000u\000m\000p\000t\000i\000o\000n\000s}{section.3}% 6
\BOOKMARK [2][-]{subsection.3.3}{\376\377\0003\000.\0003\000\040\000D\000i\000g\000i\000t\000a\000l\000\040\000S\000i\000g\000n\000a\000t\000u\000r\000e}{section.3}% 7
\BOOKMARK [2][-]{subsection.3.4}{\376\377\0003\000.\0004\000\040\000S\000m\000a\000r\000t\000\040\000C\000o\000n\000t\000r\000a\000c\000t}{section.3}% 8
\BOOKMARK [2][-]{subsection.3.5}{\376\377\0003\000.\0005\000\040\000C\000o\000m\000m\000i\000t\000m\000e\000n\000t\000\040\000S\000c\000h\000e\000m\000e}{section.3}% 9
\BOOKMARK [2][-]{subsection.3.6}{\376\377\0003\000.\0006\000\040\000S\000t\000a\000t\000e\000m\000e\000n\000t\000\040\000A\000g\000r\000e\000e\000m\000e\000n\000t\000\040\000P\000r\000o\000t\000o\000c\000o\000l}{section.3}% 10
\BOOKMARK [2][-]{subsection.3.7}{\376\377\0003\000.\0007\000\040\000P\000s\000e\000u\000d\000o\000r\000a\000n\000d\000o\000m\000\040\000F\000u\000n\000c\000t\000i\000o\000n}{section.3}% 11
\BOOKMARK [2][-]{subsection.3.8}{\376\377\0003\000.\0008\000\040\000B\000l\000o\000o\000m\000\040\000F\000i\000l\000t\000e\000r}{section.3}% 12
\BOOKMARK [1][-]{section.4}{\376\377\0004\000\040\000C\000h\000a\000l\000l\000e\000n\000g\000e\000s\000\040\000t\000o\000\040\000O\000v\000e\000r\000c\000o\000m\000e}{}% 13
\BOOKMARK [2][-]{subsection.4.1}{\376\377\0004\000.\0001\000\040\000C\000h\000a\000l\000l\000e\000n\000g\000e\000\040\0001\000:\000\040\000L\000a\000c\000k\000\040\000o\000f\000\040\000T\000r\000a\000n\000s\000p\000a\000r\000e\000n\000t\000\040\000L\000o\000g\000s}{section.4}% 14
\BOOKMARK [2][-]{subsection.4.2}{\376\377\0004\000.\0002\000\040\000C\000h\000a\000l\000l\000e\000n\000g\000e\000\040\0002\000:\000\040\000L\000a\000c\000k\000\040\000o\000f\000\040\000E\000f\000f\000e\000c\000t\000i\000v\000e\000\040\000W\000a\000r\000n\000i\000n\000g\000'\000s\000\040\000A\000c\000c\000u\000r\000a\000t\000e\000\040\000D\000e\000f\000i\000n\000i\000t\000i\000o\000n\000\040\000i\000n\000\040\000B\000a\000n\000k\000i\000n\000g}{section.4}% 15
\BOOKMARK [2][-]{subsection.4.3}{\376\377\0004\000.\0003\000\040\000C\000h\000a\000l\000l\000e\000n\000g\000e\000\040\0003\000:\000\040\000L\000i\000n\000k\000i\000n\000g\000\040\000O\000f\000f\000-\000c\000h\000a\000i\000n\000\040\000P\000a\000y\000m\000e\000n\000t\000s\000\040\000w\000i\000t\000h\000\040\000a\000\040\000S\000m\000a\000r\000t\000\040\000C\000o\000n\000t\000r\000a\000c\000t}{section.4}% 16
\BOOKMARK [2][-]{subsection.4.4}{\376\377\0004\000.\0004\000\040\000C\000h\000a\000l\000l\000e\000n\000g\000e\000\040\0004\000:\000\040\000P\000r\000e\000s\000e\000r\000v\000i\000n\000g\000\040\000P\000r\000i\000v\000a\000c\000y}{section.4}% 17
\BOOKMARK [1][-]{section.5}{\376\377\0005\000\040\000\040\000D\000e\000f\000i\000n\000i\000t\000i\000o\000n\000\040\000o\000f\000\040\000P\000a\000y\000m\000e\000n\000t\000\040\000w\000i\000t\000h\000\040\000D\000i\000s\000p\000u\000t\000e\000\040\000R\000e\000s\000o\000l\000u\000t\000i\000o\000n\000\040\000S\000c\000h\000e\000m\000e}{}% 18
\BOOKMARK [1][-]{section.6}{\376\377\0006\000\040\000P\000a\000y\000m\000e\000n\000t\000\040\000w\000i\000t\000h\000\040\000D\000i\000s\000p\000u\000t\000e\000\040\000R\000e\000s\000o\000l\000u\000t\000i\000o\000n\000\040\000P\000r\000o\000t\000o\000c\000o\000l}{}% 19
\BOOKMARK [2][-]{subsection.6.1}{\376\377\0006\000.\0001\000\040\000A\000n\000\040\000O\000v\000e\000r\000v\000i\000e\000w\000\040\000o\000f\000\040\000t\000h\000e\000\040\000P\000r\000o\000t\000o\000c\000o\000l}{section.6}% 20
\BOOKMARK [2][-]{subsection.6.2}{\376\377\0006\000.\0002\000\040\000A\000\040\000S\000u\000b\000r\000o\000u\000t\000i\000n\000e\000\040\000f\000o\000r\000\040\000D\000e\000t\000e\000r\000m\000i\000n\000i\000n\000g\000\040\000B\000a\000n\000k\000'\000s\000\040\000M\000e\000s\000s\000a\000g\000e\000\040\000S\000t\000a\000t\000u\000s}{section.6}% 21
\BOOKMARK [2][-]{subsection.6.3}{\376\377\0006\000.\0003\000\040\000A\000\040\000S\000u\000b\000r\000o\000u\000t\000i\000n\000e\000\040\000f\000o\000r\000\040\000C\000h\000e\000c\000k\000i\000n\000g\000\040\000a\000\040\000W\000a\000r\000n\000i\000n\000g\000'\000s\000\040\000E\000f\000f\000e\000c\000t\000i\000v\000e\000n\000e\000s\000s}{section.6}% 22
\BOOKMARK [2][-]{subsection.6.4}{\376\377\0006\000.\0004\000\040\000S\000u\000b\000r\000o\000u\000t\000i\000n\000e\000s\000\040\000f\000o\000r\000\040\000E\000n\000c\000o\000d\000i\000n\000g\000-\000D\000e\000c\000o\000d\000i\000n\000g\000\040\000V\000e\000r\000d\000i\000c\000t\000s}{section.6}% 23
\BOOKMARK [2][-]{subsection.6.5}{\376\377\0006\000.\0005\000\040\000T\000h\000e\000\040\000P\000w\000D\000R\000\040\000P\000r\000o\000t\000o\000c\000o\000l}{section.6}% 24
\BOOKMARK [1][-]{section.7}{\376\377\0007\000\040\000E\000v\000a\000l\000u\000a\000t\000i\000o\000n}{}% 25
\BOOKMARK [2][-]{subsection.7.1}{\376\377\0007\000.\0001\000\040\000C\000o\000m\000p\000u\000t\000a\000t\000i\000o\000n\000\040\000C\000o\000m\000p\000l\000e\000x\000i\000t\000y}{section.7}% 26
\BOOKMARK [2][-]{subsection.7.2}{\376\377\0007\000.\0002\000\040\000C\000o\000m\000m\000u\000n\000i\000c\000a\000t\000i\000o\000n\000\040\000C\000o\000s\000t}{section.7}% 27
\BOOKMARK [2][-]{subsection.7.3}{\376\377\0007\000.\0003\000\040\000C\000o\000n\000c\000r\000e\000t\000e\000\040\000P\000e\000r\000f\000o\000r\000m\000a\000n\000c\000e\000\040\000A\000n\000a\000l\000y\000s\000i\000s}{section.7}% 28
\BOOKMARK [2][-]{subsection.7.4}{\376\377\0007\000.\0004\000\040\000T\000r\000a\000n\000s\000a\000c\000t\000i\000o\000n\000\040\000L\000a\000t\000e\000n\000c\000y}{section.7}% 29
\BOOKMARK [1][-]{section.8}{\376\377\0008\000\040\000F\000u\000t\000u\000r\000e\000\040\000R\000e\000s\000e\000a\000r\000c\000h}{}% 30
\BOOKMARK [2][-]{subsection.8.1}{\376\377\0008\000.\0001\000\040\000I\000m\000p\000r\000o\000v\000i\000n\000g\000\040\000W\000a\000r\000n\000i\000n\000g\000s\000'\000\040\000E\000f\000f\000e\000c\000t\000i\000v\000e\000n\000e\000s\000s}{section.8}% 31
\BOOKMARK [2][-]{subsection.8.2}{\376\377\0008\000.\0002\000\040\000P\000r\000o\000t\000e\000c\000t\000i\000n\000g\000\040\000A\000P\000P\000\040\000F\000r\000a\000u\000d\000\040\000V\000i\000c\000t\000i\000m\000s\000\040\000o\000f\000\040\000A\000l\000t\000e\000r\000n\000a\000t\000i\000v\000e\000\040\000P\000a\000y\000m\000e\000n\000t\000\040\000P\000l\000a\000t\000f\000o\000r\000m\000s}{section.8}% 32
\BOOKMARK [2][-]{subsection.8.3}{\376\377\0008\000.\0003\000\040\000S\000t\000u\000d\000y\000i\000n\000g\000\040\000U\000s\000e\000r\000s\000'\000\040\000C\000o\000m\000p\000l\000i\000a\000n\000c\000e\000\040\000w\000i\000t\000h\000\040\000t\000h\000e\000\040\000C\000R\000M\000\040\000C\000o\000d\000e\000'\000s\000\040\000G\000u\000i\000d\000e\000l\000i\000n\000e\000s}{section.8}% 33
\BOOKMARK [2][-]{subsection.8.4}{\376\377\0008\000.\0004\000\040\000S\000e\000c\000u\000r\000i\000t\000y\000\040\000A\000g\000a\000i\000n\000s\000t\000\040\000E\000x\000p\000l\000o\000i\000t\000a\000t\000i\000v\000e\000\040\000V\000i\000c\000t\000i\000m\000s}{section.8}% 34
\BOOKMARK [1][-]{section.9}{\376\377\0009\000\040\000R\000e\000l\000a\000t\000e\000d\000\040\000W\000o\000r\000k}{}% 35
\BOOKMARK [2][-]{subsection.9.1}{\376\377\0009\000.\0001\000\040\000A\000u\000t\000h\000o\000r\000i\000s\000e\000d\000\040\000P\000u\000s\000h\000\040\000P\000a\000y\000m\000e\000n\000t\000\040\000F\000r\000a\000u\000d}{section.9}% 36
\BOOKMARK [2][-]{subsection.9.2}{\376\377\0009\000.\0002\000\040\000D\000i\000s\000p\000u\000t\000e\000\040\000R\000e\000s\000o\000l\000u\000t\000i\000o\000n}{section.9}% 37
\BOOKMARK [1][-]{section.10}{\376\377\0001\0000\000\040\000C\000o\000n\000c\000l\000u\000s\000i\000o\000n}{}% 38
\BOOKMARK [1][-]{section*.14}{\376\377\000R\000e\000f\000e\000r\000e\000n\000c\000e\000s}{}% 39
\BOOKMARK [1][-]{appendix.A}{\376\377\000A\000\040\000C\000o\000m\000m\000i\000t\000m\000e\000n\000t\000\040\000S\000c\000h\000e\000m\000e}{}% 40
\BOOKMARK [1][-]{appendix.B}{\376\377\000B\000\040\000B\000l\000o\000o\000m\000\040\000F\000i\000l\000t\000e\000r}{}% 41
\BOOKMARK [1][-]{appendix.C}{\376\377\000C\000\040\000F\000u\000l\000l\000\040\000V\000e\000r\000s\000i\000o\000n\000\040\000o\000f\000\040\000D\000e\000f\000i\000n\000i\000t\000i\000o\000n\000\040\000o\000f\000\040\000P\000a\000y\000m\000e\000n\000t\000\040\000w\000i\000t\000h\000\040\000D\000i\000s\000p\000u\000t\000e\000\040\000R\000e\000s\000o\000l\000u\000t\000i\000o\000n\000\040\000S\000c\000h\000e\000m\000e}{}% 42
\BOOKMARK [1][-]{appendix.D}{\376\377\000D\000\040\000F\000u\000r\000t\000h\000e\000r\000\040\000D\000i\000s\000c\000u\000s\000s\000i\000o\000n\000\040\000o\000n\000\040\000V\000a\000r\000i\000a\000n\000t\000\040\0001\000\040\000E\000n\000c\000o\000d\000i\000n\000g\000-\000D\000e\000c\000o\000d\000i\000n\000g\000\040\000P\000r\000o\000t\000o\000c\000o\000l}{}% 43
\BOOKMARK [1][-]{appendix.E}{\376\377\000E\000\040\000G\000e\000n\000e\000r\000i\000c\000\040\000V\000e\000r\000d\000i\000c\000t\000\040\000E\000n\000c\000o\000d\000i\000n\000g\000-\000D\000e\000c\000o\000d\000i\000n\000g\000\040\000P\000r\000o\000t\000o\000c\000o\000l}{}% 44
\BOOKMARK [1][-]{appendix.F}{\376\377\000F\000\040\000V\000a\000r\000i\000a\000n\000t\000\040\0002\000\040\000E\000n\000c\000o\000d\000i\000n\000g\000-\000D\000e\000c\000o\000d\000i\000n\000g\000\040\000P\000r\000o\000t\000o\000c\000o\000l\000'\000s\000\040\000M\000a\000i\000n\000\040\000T\000h\000e\000o\000r\000e\000m\000\040\000a\000n\000d\000\040\000P\000r\000o\000o\000f}{}% 45
\BOOKMARK [1][-]{appendix.G}{\376\377\000G\000\040\000F\000u\000r\000t\000h\000e\000r\000\040\000D\000i\000s\000c\000u\000s\000s\000i\000o\000n\000\040\000o\000n\000\040\000t\000h\000e\000\040\000V\000e\000r\000d\000i\000c\000t\000\040\000E\000n\000c\000o\000d\000i\000n\000g\000-\000d\000e\000c\000o\000d\000i\000n\000g\000\040\000P\000r\000o\000t\000o\000c\000o\000l\000s}{}% 46
\BOOKMARK [1][-]{appendix.H}{\376\377\000H\000\040\000S\000e\000c\000u\000r\000i\000t\000y\000\040\000A\000n\000a\000l\000y\000s\000i\000s\000\040\000o\000f\000\040\000t\000h\000e\000\040\000P\000w\000D\000R\000\040\000P\000r\000o\000t\000o\000c\000o\000l}{}% 47
